8/1/2018 12:50:41 PM	This log contains information about the import schema operation into project 'Database' on computer 'PUN-DE-DLDQ3ZD' by user 'Suvisha.KV'.
8/1/2018 12:50:41 PM	Import of database schema has started.
8/1/2018 12:50:45 PM	Gathering database options
8/1/2018 12:50:45 PM	Gathering users
8/1/2018 12:50:45 PM	Gathering roles
8/1/2018 12:50:45 PM	Gathering application roles
8/1/2018 12:50:45 PM	Gathering role memberships
8/1/2018 12:50:45 PM	Gathering filegroups
8/1/2018 12:50:45 PM	Gathering full-text catalogs
8/1/2018 12:50:45 PM	Gathering assemblies
8/1/2018 12:50:45 PM	Gathering certificates
8/1/2018 12:50:45 PM	Gathering asymmetric keys
8/1/2018 12:50:45 PM	Gathering symmetric keys
8/1/2018 12:50:45 PM	Gathering encrypted symmetric keys
8/1/2018 12:50:45 PM	Gathering schemas
8/1/2018 12:50:45 PM	Gathering XML schema collections
8/1/2018 12:50:45 PM	Gathering user-defined data types
8/1/2018 12:50:45 PM	Gathering user-defined types
8/1/2018 12:50:45 PM	Gathering table types
8/1/2018 12:50:45 PM	Gathering unique keys for table types
8/1/2018 12:50:45 PM	Gathering primary keys for table types
8/1/2018 12:50:45 PM	Gathering check constraints for table types
8/1/2018 12:50:45 PM	Gathering default constraints for table types
8/1/2018 12:50:45 PM	Gathering partition functions
8/1/2018 12:50:45 PM	Gathering partition schemes
8/1/2018 12:50:45 PM	Gathering functions
8/1/2018 12:50:45 PM	Gathering encrypted functions
8/1/2018 12:50:45 PM	Gathering aggregates
8/1/2018 12:50:45 PM	Gathering procedures
8/1/2018 12:50:45 PM	Gathering encrypted procedures
8/1/2018 12:50:45 PM	Gathering tables
8/1/2018 12:50:45 PM	Gathering primary keys
8/1/2018 12:50:45 PM	Gathering unique constraints
8/1/2018 12:50:45 PM	Gathering foreign keys
8/1/2018 12:50:45 PM	Gathering default constraints
8/1/2018 12:50:45 PM	Gathering check constraints
8/1/2018 12:50:45 PM	Gathering views
8/1/2018 12:50:45 PM	Gathering encrypted views
8/1/2018 12:50:45 PM	Gathering indexes
8/1/2018 12:50:45 PM	Gathering statistics
8/1/2018 12:50:45 PM	Gathering full-text index stoplists
8/1/2018 12:50:45 PM	Gathering search property lists
8/1/2018 12:50:45 PM	Gathering search properties
8/1/2018 12:50:45 PM	Gathering full-text indexes
8/1/2018 12:50:45 PM	Gathering column store indexes
8/1/2018 12:50:45 PM	Gathering spatial indexes
8/1/2018 12:50:45 PM	Gathering XML indexes
8/1/2018 12:50:45 PM	Gathering encrypted triggers
8/1/2018 12:50:45 PM	Gathering triggers
8/1/2018 12:50:45 PM	Gathering encrypted and clr ddl triggers
8/1/2018 12:50:45 PM	Gathering ddl triggers
8/1/2018 12:50:45 PM	Gathering synonyms
8/1/2018 12:50:45 PM	Gathering defaults
8/1/2018 12:50:45 PM	Gathering data constraint uddt bindings
8/1/2018 12:50:45 PM	Gathering rules
8/1/2018 12:50:45 PM	Gathering data constraint uddt bindings
8/1/2018 12:50:45 PM	Gathering message types
8/1/2018 12:50:45 PM	Gathering queues
8/1/2018 12:50:45 PM	Gathering contracts
8/1/2018 12:50:45 PM	Gathering services
8/1/2018 12:50:45 PM	Gathering event notifications
8/1/2018 12:50:45 PM	Gathering remote service bindings
8/1/2018 12:50:45 PM	Gathering broker priorities
8/1/2018 12:50:45 PM	Gathering signatures
8/1/2018 12:50:45 PM	Gathering data compression options
8/1/2018 12:50:45 PM	Gathering sequence types
8/1/2018 12:50:45 PM	Gathering extended properties
8/1/2018 12:50:46 PM	Gathering credentials
8/1/2018 12:50:46 PM	Gathering logins
8/1/2018 12:50:46 PM	Gathering server audits
8/1/2018 12:50:46 PM	Scanning project for duplicate elements
8/1/2018 12:50:46 PM	Finished duplicate element processing
8/1/2018 12:50:46 PM	Finished importing database.
8/1/2018 12:50:46 PM	A summary of the import was saved to the following location: c:\users\suvisha.kv\documents\visual studio 2013\Projects\First_Project\Database\Import Schema Logs\Database_20180801072041.log
8/1/2018 12:50:46 PM	Click Finish to continue...
